# JRE version: Java(TM) SE Runtime Environment 18.9 (11.0.19+9) (build 11.0.19+9-LTS-224)
# Java VM: Java HotSpot(TM) 64-Bit Server VM 18.9 (11.0.19+9-LTS-224, mixed mode, tiered, compressed oops, g1 gc, windows-amd64)
Heap:
 garbage-first heap   total 524288K, used 339098K [0x00000000e0000000, 0x0000000100000000)
  region size 1024K, 137 young (140288K), 2 survivors (2048K)
 Metaspace       used 112036K, capacity 114998K, committed 115456K, reserved 1150976K
  class space    used 13309K, capacity 14408K, committed 14592K, reserved 1048576K
GC Heap History (10 events):
Event: 1749.526 GC heap before
{Heap before GC invocations=49 (full 0):
 garbage-first heap   total 524288K, used 426751K [0x00000000e0000000, 0x0000000100000000)
  region size 1024K, 4 young (4096K), 3 survivors (3072K)
 Metaspace       used 110285K, capacity 113133K, committed 114048K, reserved 1148928K
  class space    used 13148K, capacity 14191K, committed 14464K, reserved 1048576K
}
Event: 1749.530 GC heap after
{Heap after GC invocations=50 (full 0):
 garbage-first heap   total 524288K, used 242260K [0x00000000e0000000, 0x0000000100000000)
  region size 1024K, 3 young (3072K), 3 survivors (3072K)
 Metaspace       used 110285K, capacity 113133K, committed 114048K, reserved 1148928K
  class space    used 13148K, capacity 14191K, committed 14464K, reserved 1048576K
}
Event: 2099.262 GC heap before
{Heap before GC invocations=51 (full 0):
 garbage-first heap   total 524288K, used 520788K [0x00000000e0000000, 0x0000000100000000)
  region size 1024K, 93 young (95232K), 3 survivors (3072K)
 Metaspace       used 110770K, capacity 113732K, committed 114304K, reserved 1148928K
  class space    used 13212K, capacity 14288K, committed 14464K, reserved 1048576K
}
Event: 2099.282 GC heap after
{Heap after GC invocations=52 (full 0):
 garbage-first heap   total 524288K, used 321802K [0x00000000e0000000, 0x0000000100000000)
  region size 1024K, 0 young (0K), 0 survivors (0K)
 Metaspace       used 110770K, capacity 113732K, committed 114304K, reserved 1148928K
  class space    used 13212K, capacity 14288K, committed 14464K, reserved 1048576K
}
Event: 2108.257 GC heap before
{Heap before GC invocations=52 (full 0):
 garbage-first heap   total 524288K, used 346378K [0x00000000e0000000, 0x0000000100000000)
  region size 1024K, 25 young (25600K), 0 survivors (0K)
 Metaspace       used 111155K, capacity 114129K, committed 114560K, reserved 1148928K
  class space    used 13243K, capacity 14329K, committed 14464K, reserved 1048576K
}
Event: 2108.262 GC heap after
{Heap after GC invocations=53 (full 0):
 garbage-first heap   total 524288K, used 270671K [0x00000000e0000000, 0x0000000100000000)
  region size 1024K, 2 young (2048K), 2 survivors (2048K)
 Metaspace       used 111155K, capacity 114129K, committed 114560K, reserved 1148928K
  class space    used 13243K, capacity 14329K, committed 14464K, reserved 1048576K
}
Event: 2108.532 GC heap before
{Heap before GC invocations=53 (full 0):
 garbage-first heap   total 524288K, used 293199K [0x00000000e0000000, 0x0000000100000000)
  region size 1024K, 25 young (25600K), 2 survivors (2048K)
 Metaspace       used 111552K, capacity 114493K, committed 115200K, reserved 1150976K
  class space    used 13281K, capacity 14365K, committed 14592K, reserved 1048576K
}
Event: 2108.536 GC heap after
{Heap after GC invocations=54 (full 0):
 garbage-first heap   total 524288K, used 218784K [0x00000000e0000000, 0x0000000100000000)
  region size 1024K, 4 young (4096K), 4 survivors (4096K)
 Metaspace       used 111552K, capacity 114493K, committed 115200K, reserved 1150976K
  class space    used 13281K, capacity 14365K, committed 14592K, reserved 1048576K
}
Event: 2108.622 GC heap before
{Heap before GC invocations=54 (full 0):
 garbage-first heap   total 524288K, used 239264K [0x00000000e0000000, 0x0000000100000000)
  region size 1024K, 25 young (25600K), 4 survivors (4096K)
 Metaspace       used 111601K, capacity 114493K, committed 115200K, reserved 1150976K
  class space    used 13284K, capacity 14365K, committed 14592K, reserved 1048576K
}
Event: 2108.628 GC heap after
{Heap after GC invocations=55 (full 0):
 garbage-first heap   total 524288K, used 182426K [0x00000000e0000000, 0x0000000100000000)
  region size 1024K, 2 young (2048K), 2 survivors (2048K)
 Metaspace       used 111601K, capacity 114493K, committed 115200K, reserved 1150976K
  class space    used 13284K, capacity 14365K, committed 14592K, reserved 1048576K
}

