# JRE version: Java(TM) SE Runtime Environment 18.9 (11.0.19+9) (build 11.0.19+9-LTS-224)
# Java VM: Java HotSpot(TM) 64-Bit Server VM 18.9 (11.0.19+9-LTS-224, mixed mode, tiered, compressed oops, g1 gc, windows-amd64)
Heap:
 garbage-first heap   total 258048K, used 135168K [0x00000000e0000000, 0x0000000100000000)
  region size 1024K, 95 young (97280K), 19 survivors (19456K)
 Metaspace       used 76424K, capacity 78352K, committed 78540K, reserved 1118208K
  class space    used 9790K, capacity 10422K, committed 10444K, reserved 1048576K
GC Heap History (10 events):
Event: 5.069 GC heap before
{Heap before GC invocations=4 (full 0):
 garbage-first heap   total 258048K, used 78108K [0x00000000e0000000, 0x0000000100000000)
  region size 1024K, 64 young (65536K), 4 survivors (4096K)
 Metaspace       used 35205K, capacity 35770K, committed 35840K, reserved 1081344K
  class space    used 4535K, capacity 4733K, committed 4736K, reserved 1048576K
}
Event: 5.075 GC heap after
{Heap after GC invocations=5 (full 0):
 garbage-first heap   total 258048K, used 20330K [0x00000000e0000000, 0x0000000100000000)
  region size 1024K, 7 young (7168K), 7 survivors (7168K)
 Metaspace       used 35205K, capacity 35770K, committed 35840K, reserved 1081344K
  class space    used 4535K, capacity 4733K, committed 4736K, reserved 1048576K
}
Event: 6.752 GC heap before
{Heap before GC invocations=6 (full 0):
 garbage-first heap   total 258048K, used 112490K [0x00000000e0000000, 0x0000000100000000)
  region size 1024K, 93 young (95232K), 7 survivors (7168K)
 Metaspace       used 45942K, capacity 46965K, committed 47232K, reserved 1089536K
  class space    used 5842K, capacity 6185K, committed 6272K, reserved 1048576K
}
Event: 6.763 GC heap after
{Heap after GC invocations=7 (full 0):
 garbage-first heap   total 258048K, used 35840K [0x00000000e0000000, 0x0000000100000000)
  region size 1024K, 12 young (12288K), 12 survivors (12288K)
 Metaspace       used 45942K, capacity 46965K, committed 47232K, reserved 1089536K
  class space    used 5842K, capacity 6185K, committed 6272K, reserved 1048576K
}
Event: 9.078 GC heap before
{Heap before GC invocations=7 (full 0):
 garbage-first heap   total 258048K, used 179200K [0x00000000e0000000, 0x0000000100000000)
  region size 1024K, 151 young (154624K), 12 survivors (12288K)
 Metaspace       used 56780K, capacity 58074K, committed 58368K, reserved 1099776K
  class space    used 7177K, capacity 7612K, committed 7680K, reserved 1048576K
}
Event: 9.092 GC heap after
{Heap after GC invocations=8 (full 0):
 garbage-first heap   total 258048K, used 44405K [0x00000000e0000000, 0x0000000100000000)
  region size 1024K, 18 young (18432K), 18 survivors (18432K)
 Metaspace       used 56780K, capacity 58074K, committed 58368K, reserved 1099776K
  class space    used 7177K, capacity 7612K, committed 7680K, reserved 1048576K
}
Event: 10.445 GC heap before
{Heap before GC invocations=8 (full 0):
 garbage-first heap   total 258048K, used 127349K [0x00000000e0000000, 0x0000000100000000)
  region size 1024K, 100 young (102400K), 18 survivors (18432K)
 Metaspace       used 58887K, capacity 60252K, committed 60288K, reserved 1101824K
  class space    used 7404K, capacity 7910K, committed 7936K, reserved 1048576K
}
Event: 10.456 GC heap after
{Heap after GC invocations=9 (full 0):
 garbage-first heap   total 258048K, used 46287K [0x00000000e0000000, 0x0000000100000000)
  region size 1024K, 10 young (10240K), 10 survivors (10240K)
 Metaspace       used 58887K, capacity 60252K, committed 60288K, reserved 1101824K
  class space    used 7404K, capacity 7910K, committed 7936K, reserved 1048576K
}
Event: 12.632 GC heap before
{Heap before GC invocations=10 (full 0):
 garbage-first heap   total 258048K, used 185551K [0x00000000e0000000, 0x0000000100000000)
  region size 1024K, 146 young (149504K), 10 survivors (10240K)
 Metaspace       used 68424K, capacity 70258K, committed 70348K, reserved 1110016K
  class space    used 8765K, capacity 9379K, committed 9420K, reserved 1048576K
}
Event: 12.648 GC heap after
{Heap after GC invocations=11 (full 0):
 garbage-first heap   total 258048K, used 59392K [0x00000000e0000000, 0x0000000100000000)
  region size 1024K, 19 young (19456K), 19 survivors (19456K)
 Metaspace       used 68424K, capacity 70258K, committed 70348K, reserved 1110016K
  class space    used 8765K, capacity 9379K, committed 9420K, reserved 1048576K
}

